<?xml version="1.0" encoding="UTF-8"?>
<testsuite xmlns:xsi="http://www.w3.org/2001/XMLSchema-instance" xsi:noNamespaceSchemaLocation="https://maven.apache.org/surefire/maven-surefire-plugin/xsd/surefire-test-report.xsd" name="com.nexgen.sb.creditrisk.service.RiskCalculationServiceTest" time="0.145" tests="20" errors="0" skipped="0" failures="0">
  <properties>
[...]
</properties>
  <testcase name="testEmploymentRisk_fullTime_isLow" classname="com.nexgen.sb.creditrisk.service.RiskCalculationServiceTest" time="0.106"/>
  <testcase name="testRiskFactor_excessiveCreditInquiries_aboveFive" classname="com.nexgen.sb.creditrisk.service.RiskCalculationServiceTest" time="0.001"/>
  <testcase name="testResponseHeader_containsTransactionId" classname="com.nexgen.sb.creditrisk.service.RiskCalculationServiceTest" time="0.002"/>
  <testcase name="testSuccessPath_returnsFullDataResponse" classname="com.nexgen.sb.creditrisk.service.RiskCalculationServiceTest" time="0.002"/>
  <testcase name="testEmploymentRisk_retired_isModerate" classname="com.nexgen.sb.creditrisk.service.RiskCalculationServiceTest" time="0.001"/>
  <testcase name="testRiskFactor_noEmploymentIncome_unemployed" classname="com.nexgen.sb.creditrisk.service.RiskCalculationServiceTest" time="0.001"/>
  <testcase name="testRiskFactor_pastDelinquencies" classname="com.nexgen.sb.creditrisk.service.RiskCalculationServiceTest" time="0.001"/>
  <testcase name="testBureauError_setsIndeterminateResponse" classname="com.nexgen.sb.creditrisk.service.RiskCalculationServiceTest" time="0.001"/>
  <testcase name="testEmploymentRisk_partTime_isModerate" classname="com.nexgen.sb.creditrisk.service.RiskCalculationServiceTest" time="0"/>
  <testcase name="testRiskFactor_highDebtToIncome_aboveThreshold" classname="com.nexgen.sb.creditrisk.service.RiskCalculationServiceTest" time="0.001"/>
  <testcase name="testIncomeVerification_selfReportedStatus" classname="com.nexgen.sb.creditrisk.service.RiskCalculationServiceTest" time="0.001"/>
  <testcase name="testEmploymentRisk_unemployed_isHigh" classname="com.nexgen.sb.creditrisk.service.RiskCalculationServiceTest" time="0.001"/>
  <testcase name="testEmploymentRisk_contract_isModerateHigh" classname="com.nexgen.sb.creditrisk.service.RiskCalculationServiceTest" time="0"/>
  <testcase name="testScoringModelVersion_appendsV1" classname="com.nexgen.sb.creditrisk.service.RiskCalculationServiceTest" time="0.001"/>
  <testcase name="testIncomeVerification_dtiCalculation" classname="com.nexgen.sb.creditrisk.service.RiskCalculationServiceTest" time="0"/>
  <testcase name="testIncomeVerification_zeroIncome_dtiDefaultsToOne" classname="com.nexgen.sb.creditrisk.service.RiskCalculationServiceTest" time="0.002"/>
  <testcase name="testRiskFactor_lowCreditScore_belowThreshold" classname="com.nexgen.sb.creditrisk.service.RiskCalculationServiceTest" time="0"/>
  <testcase name="testRiskFactor_highCreditUtilization_aboveThreshold" classname="com.nexgen.sb.creditrisk.service.RiskCalculationServiceTest" time="0.001"/>
  <testcase name="testEmploymentRisk_selfEmployed_isModerateHigh" classname="com.nexgen.sb.creditrisk.service.RiskCalculationServiceTest" time="0.001"/>
  <testcase name="testDebtService_hardcodedFactors" classname="com.nexgen.sb.creditrisk.service.RiskCalculationServiceTest" time="0"/>
</testsuite>