<?xml version="1.0" encoding="UTF-8"?>
<testsuite xmlns:xsi="http://www.w3.org/2001/XMLSchema-instance" xsi:noNamespaceSchemaLocation="https://maven.apache.org/surefire/maven-surefire-plugin/xsd/surefire-test-report.xsd" name="com.nexgen.sb.creditrisk.service.CreditRiskOrchestrationServiceTest" time="0.566" tests="6" errors="0" skipped="0" failures="0">
  <properties>
[...]
</properties>
  <testcase name="processRequest_GatewayChannel_InvokesPreProcessFirst" classname="com.nexgen.sb.creditrisk.service.CreditRiskOrchestrationServiceTest" time="0.523"/>
  <testcase name="processRequest_UnexpectedError_ThrowsCreditRiskProcessingException" classname="com.nexgen.sb.creditrisk.service.CreditRiskOrchestrationServiceTest" time="0.005"/>
  <testcase name="processRequest_RestChannel_ReturnsRiskResponse" classname="com.nexgen.sb.creditrisk.service.CreditRiskOrchestrationServiceTest" time="0.007"/>
  <testcase name="processRequest_ValidationFails_LogsErrorAndRethrows" classname="com.nexgen.sb.creditrisk.service.CreditRiskOrchestrationServiceTest" time="0.004"/>
  <testcase name="processRequest_SoapChannel_DoesNotInvokeGatewayPreProcess" classname="com.nexgen.sb.creditrisk.service.CreditRiskOrchestrationServiceTest" time="0.004"/>
  <testcase name="processRequest_BureauError_CalculatesRiskWithErrorFlag" classname="com.nexgen.sb.creditrisk.service.CreditRiskOrchestrationServiceTest" time="0.005"/>
</testsuite>