<?xml version="1.0" encoding="UTF-8"?>
<testsuite xmlns:xsi="http://www.w3.org/2001/XMLSchema-instance" xsi:noNamespaceSchemaLocation="https://maven.apache.org/surefire/maven-surefire-plugin/xsd/surefire-test-report.xsd" name="com.nexgen.sb.creditrisk.service.BureauServiceTest" time="0.152" tests="12" errors="0" skipped="0" failures="0">
  <properties>
[...]
</properties>
  <testcase name="buildRequest_mapsAllFieldsFromRequest" classname="com.nexgen.sb.creditrisk.service.BureauServiceTest" time="0.108"/>
  <testcase name="callBureau_throwsUnsupportedOperation_whenStubDisabled" classname="com.nexgen.sb.creditrisk.service.BureauServiceTest" time="0.004"/>
  <testcase name="mapResponse_mapsAllFieldsCorrectly" classname="com.nexgen.sb.creditrisk.service.BureauServiceTest" time="0.003"/>
  <testcase name="mapResponse_nullResponse_returnsCR301Error" classname="com.nexgen.sb.creditrisk.service.BureauServiceTest" time="0.004"/>
  <testcase name="mapResponse_scoreRange_fair" classname="com.nexgen.sb.creditrisk.service.BureauServiceTest" time="0"/>
  <testcase name="mapResponse_scoreRange_good" classname="com.nexgen.sb.creditrisk.service.BureauServiceTest" time="0.001"/>
  <testcase name="mapResponse_scoreRange_poor" classname="com.nexgen.sb.creditrisk.service.BureauServiceTest" time="0.001"/>
  <testcase name="mapResponse_errorCodeInResponse_returnsCR302Error" classname="com.nexgen.sb.creditrisk.service.BureauServiceTest" time="0.002"/>
  <testcase name="mapResponse_utilizationRate_zeroWhenNoCreditLimit" classname="com.nexgen.sb.creditrisk.service.BureauServiceTest" time="0.001"/>
  <testcase name="mapResponse_scoreRange_exceptional" classname="com.nexgen.sb.creditrisk.service.BureauServiceTest" time="0.004"/>
  <testcase name="mapResponse_scoreRange_veryGood" classname="com.nexgen.sb.creditrisk.service.BureauServiceTest" time="0"/>
  <testcase name="callBureau_returnsStubResponse_whenStubEnabled" classname="com.nexgen.sb.creditrisk.service.BureauServiceTest" time="0.005"/>
</testsuite>